<?xml version="1.0" encoding="UTF-8"?>
<!-- Generated by org.testng.reporters.JUnitReportReporter -->
<testsuite hostname="josh-Latitude-3410" failures="0" tests="1" name="com.joshsoftware.driver.Driver" time="0.124" errors="1" timestamp="2023-04-24T12:44:05 IST" skipped="0">
  <testcase classname="com.joshsoftware.driver.Driver" name="initDriver" time="0.124">
    <error message="Cannot convert &#039;selenoid&#039; to com.joshsoftware.enums.BrowserRemoteModeType" type="java.lang.UnsupportedOperationException">
      <![CDATA[java.lang.UnsupportedOperationException: Cannot convert 'selenoid' to com.joshsoftware.enums.BrowserRemoteModeType
at org.aeonbits.owner.util.Util.unsupported(Util.java:139)
at org.aeonbits.owner.Converters.unsupportedConversion(Converters.java:294)
at org.aeonbits.owner.Converters.access$400(Converters.java:38)
at org.aeonbits.owner.Converters$5.tryConvert(Converters.java:161)
at org.aeonbits.owner.Converters.doConvert(Converters.java:285)
at org.aeonbits.owner.Converters.convert(Converters.java:280)
at org.aeonbits.owner.PropertiesInvocationHandler.resolveProperty(PropertiesInvocationHandler.java:89)
at org.aeonbits.owner.PropertiesInvocationHandler.invoke(PropertiesInvocationHandler.java:67)
at com.sun.proxy.$Proxy13.browserRemoteMode(Unknown Source)
at com.joshsoftware.driver.Driver.initDriver(Driver.java:20)
at java.base/jdk.internal.reflect.NativeMethodAccessorImpl.invoke0(Native Method)
at java.base/jdk.internal.reflect.NativeMethodAccessorImpl.invoke(NativeMethodAccessorImpl.java:62)
at java.base/jdk.internal.reflect.DelegatingMethodAccessorImpl.invoke(DelegatingMethodAccessorImpl.java:43)
at java.base/java.lang.reflect.Method.invoke(Method.java:566)
at org.testng.internal.MethodInvocationHelper.invokeMethod(MethodInvocationHelper.java:133)
at org.testng.internal.TestInvoker.invokeMethod(TestInvoker.java:598)
at org.testng.internal.TestInvoker.invokeTestMethod(TestInvoker.java:173)
at org.testng.internal.MethodRunner.runInSequence(MethodRunner.java:46)
at org.testng.internal.TestInvoker$MethodInvocationAgent.invoke(TestInvoker.java:824)
at org.testng.internal.TestInvoker.invokeTestMethods(TestInvoker.java:146)
at org.testng.internal.TestMethodWorker.invokeTestMethods(TestMethodWorker.java:146)
at org.testng.internal.TestMethodWorker.run(TestMethodWorker.java:128)
at java.base/java.util.ArrayList.forEach(ArrayList.java:1541)
at org.testng.TestRunner.privateRun(TestRunner.java:794)
at org.testng.TestRunner.run(TestRunner.java:596)
at org.testng.SuiteRunner.runTest(SuiteRunner.java:377)
at org.testng.SuiteRunner.runSequentially(SuiteRunner.java:371)
at org.testng.SuiteRunner.privateRun(SuiteRunner.java:332)
at org.testng.SuiteRunner.run(SuiteRunner.java:276)
at org.testng.SuiteRunnerWorker.runSuite(SuiteRunnerWorker.java:53)
at org.testng.SuiteRunnerWorker.run(SuiteRunnerWorker.java:96)
at org.testng.TestNG.runSuitesSequentially(TestNG.java:1212)
at org.testng.TestNG.runSuitesLocally(TestNG.java:1134)
at org.testng.TestNG.runSuites(TestNG.java:1063)
at org.testng.TestNG.run(TestNG.java:1031)
at org.testng.remote.AbstractRemoteTestNG.run(AbstractRemoteTestNG.java:115)
at org.testng.remote.RemoteTestNG.initAndRun(RemoteTestNG.java:251)
at org.testng.remote.RemoteTestNG.main(RemoteTestNG.java:77)
Caused by: java.lang.IllegalArgumentException: No enum constant com.joshsoftware.enums.BrowserRemoteModeType.selenoid
at java.base/java.lang.Enum.valueOf(Enum.java:240)
at java.desktop/com.sun.beans.editors.EnumEditor.setAsText(EnumEditor.java:104)
at org.aeonbits.owner.Converters$5.tryConvert(Converters.java:158)
... 34 more
]]>
    </error>
  </testcase> <!-- initDriver -->
  <system-out/>
</testsuite> <!-- com.joshsoftware.driver.Driver -->
